[    0.0000] Linuxveion 4.15.0-50-geneic(buildd@lc01md64-013 (cc vrsn 7..0Ubuntu 73.0-16ubtu)) #54-Ubuntu SMP MonMa6 18:4:08UTC 01(Ubutu.15.-554-gerc 4.5.)
[    000000] Command line: BOOT_IMAGE=/boot/vmlinuz-4.15.0-50-eneric root=UUID=6d1c383c-9d5-4f00-a7aa-122d162d6429 ro console=tty1 console=ttyS0
[    0.000000] KERNEL supported cpus:
[    0.000000]   Intel GenuineIntel
[    0.000000]   AMD AuthenticAMD
[    0.000000]   Centaur CentaurHauls
[    0.000000] x86/fpu: Supporting XSAVE feature 0x001: 'x87 floating point registers'
[    0.000000] x86/fpu: Supporting XSAVE feature 0x002: 'SSE registers'
[    0.000000] x86/fpu: Supporting XSAVE feature 0x004: 'AVX registers'
[    0.000000] x86/fpu: xstate_offset[2]:  576, xstate_sizes[2]:  256
[    0.000000] x86/fpu: Enabled xstate features 0x7, context size is 832 bytes, using 'standard' format.
[    0.000000] e820: BIOS-provided physical AMmap:
[   0.000000BIOSe8: [mm 000000000000000-0x00000000bff]usab
[    0.0000] BIOS-82: [mm 0000000009fc0-00000000009fff] reered
[   .000000] BIOS-e820: [mem 0x00000000000f0000-0x00000000000fffff] reserved
[    0.000000] BIOS-e820: [mem 0x0000000000100000-0x000000003ffeffff] usable
[    0.000000] BIOS-e820: [mem 0x000000003fff0000-0x000000003fffffff] ACPI data
[    0.000000] BIOS-e820: [mem 0x00000000fec00000-0x00000000fec00fff] reserved
[    0.000000] BIOS-e820: [mem 0x00000000fee00000-0x00000000fee00fff] reserved
[    0.000000] BIOS-e820: [mem 0x00000000fffc0000-0x00000000ffffffff] reserved
[    0.000000] NX (Execute Disable) protection: active
[    0.000000] SMBIOS 2.5 present.
[    0.000000] DMI: innotek GmbH VirtualBox/VirtualBox, BIO VirtualBox 12/01/2006
[    0.000000] Hypervisor detected: KVM
[    0.000000] e820: last_pfn = 0x3fff0 max_arch_pfn = 0x400000000
[    0.000000] MTRR: Disabled
[    0.000000] x86/PAT: MTRRs disabled, skipping PAT initialization too.
[    0.000000] CPU MTRRs all blank - virtualized system.
[    0.000000] x86/PAT: Configuration [0-7]: WB  WT  UC- UC  WB  WT  UC- UC  
[    0.000000] found SMP MP-table at [mem 0x0009fff0-0x0009ffff] mapped at [        (ptrval)]
[    0.000000] Scanning 1 areas for low memory corruption
[    0.000000] RAMDISK: [mem 0x359d3000-0x36ce0fff]
[    0.000000] ACPI: Early table checksum verification disabled
[    0.000000] ACPI: RSDP 0x00000000000E0000 000024 (v02 VBOX  )
[    0.000000] ACPI: XSDT 0x000000003FFF0030 00003C (v01 VBOX   VBOXXSDT 00000001 ASL  00000061)
[    0.000000] ACPI: FACP 0x000000003FFF00F0 0000F4 (v04 VBOX   VBOXFACP 00000001 ASL  00000061)
[    0.000000] ACPI: DSDT 0x000000003FFF0470 0021FF (v02 VBOX   VBOXBIOS 00000002 INTL 20100528)
[    0.000000] ACPI: FACS 0x000000003FFF0200 000040
[    0.000000] ACPI: FACS 0x000000003FFF0200 000040
[    0.000000] ACPI: APIC 0x000000003FFF0240 00005C (v02 VBOX   VBOXAPIC0000001 ASL  00000061)
[    0.000000] ACPI: SSD 000000003FF02A0 00CC (v01 VBX  VBOXUT00000002INL 20100528)
[    0.00000 No NUMA configuration found
[    0.000000] Faking aode at[m 0x0000000000000-0x000000003ffefff]
[    0.000000] NDEATA() located [mem 0x3ffc5000-0x3ffeffff]
[    0.000000] kvm-clock: cpu 0, msr 0:3ff44001, primary cpu clock
[    0.000000] kvm-clock: Using msrs 4b564d01 and 4b564d00
[    0.000000] kvm-clock: using sched offset of 4516756115 cycles
[    0.000000] clocksource: kvm-clock: mask: 0xffffffffffffffff max_cycles: 0x1cd42e4dffb, max_idle_ns: 881590591483 ns
[    0.000000] Zone ranges:
[    0.000000]   DMA      [mem 0x0000000000001000-0x0000000000ffffff]
[    0.000000]   DMA32    [mem 0x0000000001000000-0x000000003ffeffff]
[    0.000000]   Normal   empty
[    0.000000]   Device   empty
[    0.000000] Movable zone start for each node
[    0.000000] Early memory node ranges
[    0.000000]   node   0: [mem 0x00000000000000x000000009eff
[    0.0000]   ne   0: [mem 0x00000000010000-x00000003fffff
    0.00000] seved but unavailabl: 4 pages
[    0.000] Initmem tup node 0 me 0x00000000001000-0x000000003ffefff
[    0.000000] ACPI: PM-Timer IO Port: 0x4008
[    0.000000] IOAPIC[0]: apic_id 2, version 32, address 0xfec00000, GSI 0-23
[    0.000000] ACPI: INT_SC_OVR (bus 0 bus_irq 0 global_irq 2 dfl dfl)
[    0.000000] ACPI: INT_SRC_OVR (bus 0 bus_irq 9 global_irq 9 low level)
[    0.000000] Using ACPI (MADT) for SMP configuration information
[    0.000000] smpboot: Allowing 2 CPUs, 0 hotplug CPUs
[    0.000000] PM: Registered nosave memory: [mem 0x00000000-0x00000fff]
[    0.000000] PM: Registered nosave memory: [mem 0x0009f000-0x0009ffff]
[    0.000000] PM: Registered nosave memory: [mem 0x000a0000-0x000effff]
[    0.000000] PM: Registered nosave memoy:mem 0x00f000-0x00fff]
[    0.00000] e80:mem x400000-0xfbffff] availalefor CIdevies
[   0000000] oong prartualized kernel on KVM
[    000000]clocsorce: refind-jiffie: ask: 0xffffff max_cycles: 0xffffffff, max_idle_ns: 7645519600211568 ns
[    0.000000] random: get_random_bytes called from start_kernel+0x99/0x4fd with crng_init=0
[    0.000000] setup_percpu: NR_CPUS:8192 nr_cpumask_bits:2 nr_cpu_ids:2 nr_node_ids:1
[    0.000000] percpu: Embedded 46 pages/cpu @        (ptrval) s151552 r8192 d28672 u1048576
[    0.000000] PV qspinlock hash table entries: 256 (order: 0, 4096 bytes)
    0.000000] Built 1 zoneiss, mbity groupngon.  Toalpages: 25791
    0.000] Picy on DMA2[    0.00000Kernl mmand line: BOOT_IMAGE=/boot/vmnu-4.1.00-geer roo=UD=6d1c383c-395-4f00-a7aa-22d162d642 ro console=tty1 console=ttyS0
[   0.000000] Memory: 983064K/1048120K available (12300K kernel code, 2474K rwdata, 4276K rodata, 2412K init, 2416K bss, 65056K reserved, 0K cma-reserved)
[    0.000000] SLUB: HWalign=64, Order=0-3, MinObjects=0, CPUs=2, Nodes=1
[    0.000000] Kernel/User page tables isolation: enabled
[    0.000000] ftrace: allocating 39233 entries in 154 pages
[    0.004000] Hierarchical RCU implementation.
[    0.004000] 	RCU restricting CPUs from NR_CPUS=8192 to nr_cpu_ids=2.
[    0.004000] 	Tasks RCU enabld.
[    0.004000] RCU: Adjusting geometry for rcu_fnout_leaf16, nrcp_ids=2
[    0.00000]NRRQS: 54544, nrirs: 440, preallocatedir: 16
  0.004000] Console: colour VGA 825
[  0004000] console tty1] naled[   0.004000] console [ttyS0] enale
[   004000] ACI:Core revion 217081
[    0.004000] ACPI: 2 ACPI AML tables successfully acquired and loaded
[    0.004000] APIC: Switch to symmetric I/O mode setup
[    0.004239] x2apic enabled
[    0.005321] Switched APIC routing to physical x2apic.
[    0.008988] ..TIMER: vector=0x30 apic1=0 pin1=2 apic2=-1 pin2=-1
[    0.012003] tsc: Detected 2304.000 MHz processor
[    0.016011] Calibrating delay loop (skipped) preset value.. 4608.00 BogoMIPS (lpj=9216000)
[    0.018145] pid_max: default: 32768 minimum: 301
[    0.020038] Security Framework initialized
[    0.021291] Yama: becoming mindful.
[    0.022200] AppArmor: AppArmor initialized
[    0.024053] Dentry cache hash table entries: 131072 (order: 8, 1048576 bytes)
[    0.025785] Inode-cache hash table entries: 65536 (order: 7, 524288 bytes)
[    0.028014] Mount-cache hash table entries: 2048 (order: 2, 16384 bytes)
[    0.029804] Mountpoint-cache hash table entries: 2048 (order: 2, 16384 bytes)
[    0.031652] mce: CPU supports 0 MCE banks
[    0.032025] Last level iTLB entries: 4KB 64, 2MB 8, 4MB 8
[    0.033352] Last level dTLB entries: 4KB 64, 2MB 0, 4MB 0, 1GB 4
[    0.036005] Spectre V2 : Mitigation: Full generic retpoline
[    0.037343] Spectre V2 : Spectre v2 / SpectreRSB mitigation: Filling RSB on context switch
[    0.039210] Speculative Store Bypass: Vulnerable
[    0.040043] MDS: Vulnerable: Clear CPU buffers attempted, no microcode
[    0.041582] Freeing SMP alternatives memory: 36K
[    0.048000] smpboot: CPU0: Intel(R) Core(TM) i5-8259U CPU @ 2.30GHz (family: 0x6, model: 0x8e, stepping: 0xa)
[    0.048099] Performance Events: unsupported p6 CPU model 142 no PMU driver, software events only.
[    0.052073] Hierarchical SRCU implementation.
[    0.056600] NMI watchdog: Perf event create on CPU 0 failed with -2
[    0.060008] NMI watchdog: Perf NMI watchdog permanently disabled
[    0.064087] smp: Bringing up secondary CPUs ...
[    0.068086] x86: Booting SMP configuration:
[    0.072003] .... node  #0, CPUs:      #1
[    0.004000] kvm-clock: cpu 1, msr 0:3ff44041, secondary cpu clock
[    0.004000] mce: CPU supports 0 MCE banks
[    0.144026] smp: Brought up 1 node, 2 CPUs
[    0.148010] smpboot: Max logical packages: 1
[    0.149322] smpboot: Total of 2 processors activated (9216.00 BogoMIPS)
[    0.152134] devtmpfs: initialized
[    0.153060] x86/mm: Memory block size: 128MB
[    0.154250] evm: security.selinux
[    0.155293] evm: security.SMACK64
[    0.156004] evm: security.SMACK64EXEC
[    0.156996] evm: security.SMACK64TRANSMUTE
[    0.158073] evm: security.SMACK64MMAP
[    0.159210] evm: security.apparmor
[    0.160004] evm: security.ima
[    0.160812] evm: security.capability
[    0.161836] clocksource: jiffies: mask: 0xffffffff max_cycles: 0xffffffff, max_idle_ns: 7645041785100000 ns
[    0.164014] futex hash table entries: 512 (order: 3, 32768 bytes)
[    0.168061] pinctrl core: initialized pinctrl subsystem
[    0.171304] RTC time:  2:41:11, date: 06/10/19
[    0.172168] NET: Registered protocol family 16
[    0.173498] audit: initializing netlink subsys (disabled)
[    0.176037] audit: type=2000 audit(1560134469.075:1): state=initialized audit_enabled=0 res=1
[    0.180006] cpuidle: using governor ladder
[    0.181337] cpuidle: using governor menu
[    0.182716] ACPI: bus type PCI registered
[    0.183748] acpiphp: ACPI Hot Plug PCI Controller Driver version: 0.5
[    0.184153] PCI: Using configuration type 1 for base access
[    0.188554] HugeTLB registered 2.00 MiB page size, pre-allocated 0 pages
[    0.189998] ACPI: Added _OSI(Module Device)
[    0.192003] ACPI: Added _OSI(Processor Device)
[    0.193298] ACPI: Added _OSI(3.0 _SCP Extensions)
[    0.194414] ACPI: Added _OSI(Processor Aggregator Device)
[    0.195675] ACPI: Added _OSI(Linux-Dell-Video)
[    0.196003] ACPI: Added _OSI(Linux-Lenovo-NV-HDMI-Audio)
[    0.197241] ACPI: Added _OSI(Linux-HPI-Hybrid-Graphics)
[    0.198900] ACPI: Executed 1 blocks of module-level executable AML code
[    0.202677] ACPI: Interpreter enabled
[    0.204022] ACPI: (supports S0 S5)
[    0.208004] ACPI: Using IOAPIC for interrupt routing
[    0.209314] PCI: Using host bridge windows from ACPI; if necessary, use "pci=nocrs" and report a bug
[    0.212224] ACPI: Enabled 2 GPEs in block 00 to 07
[    0.220281] ACPI: PCI Root Bridge [PCI0] (domain 0000 [bus 00-ff])
[    0.224022] acpi PNP0A03:00: _OSC: OS supports [ASPM ClockPM Segments MSI]
[    0.228046] acpi PNP0A03:00: _OSC: not requesting OS control; OS requires [ExtendedConfig ASPM ClockPM MSI]
[    0.232017] acpi PNP0A03:00: fail to add MMCONFIG information, can't access extended PCI configuration space under this bridge.
[    0.236479] PCI host bridge to bus 0000:00
[    0.240011] pci_bus 0000:00: root bus resource [io  0x0000-0x0cf7 window]
[    0.244006] pci_bus 0000:00: root bus resource [io  0x0d00-0xffff window]
[    0.248003] pci_bus 0000:00: root bus resource [mem 0x000a0000-0x000bffff window]
[    0.252004] pci_bus 0000:00: root bus resource [mem 0x40000000-0xfdffffff window]
[    0.256004] pci_bus 0000:00: root bus resource [bus 00-ff]
[    0.265842] pci 0000:00:01.1: legacy IDE quirk: reg 0x10: [io  0x01f0-0x01f7]
[    0.268013] pci 0000:00:01.1: legacy IDE quirk: reg 0x14: [io  0x03f6]
[    0.272015] pci 0000:00:01.1: legacy IDE quirk: reg 0x18: [io  0x0170-0x0177]
[    0.276009] pci 0000:00:01.1: legacy IDE quirk: reg 0x1c: [io  0x0376]
[    0.295250] pci 0000:00:07.0: quirk: [io  0x4000-0x403f] claimed by PIIX4 ACPI
[    0.296024] pci 0000:00:07.0: quirk: [io  0x4100-0x410f] claimed by PIIX4 SMB
[    0.310746] ACPI: PCI Interrupt Link [LNKA] (IRQs 5 9 10 *11)
[    0.312372] ACPI: PCI Interrupt Link [LNKB] (IRQs 5 9 *10 11)
[    0.313982] ACPI: PCI Interrupt Link [LNKC] (IRQs 5 *9 10 11)
[    0.315454] ACPI: PCI Interrupt Link [LNKD] (IRQs 5 9 10 *11)
[    0.316354] SCSI subsystem initialized
[    0.317308] pci 0000:00:02.0: vgaarb: setting as boot VGA device
[    0.317544] pci 0000:00:02.0: vgaarb: VGA device added: decodes=io+mem,owns=io+mem,locks=none
[    0.320017] pci 0000:00:02.0: vgaarb: bridge control possible
[    0.324003] vgaarb: loaded
[    0.328053] ACPI: bus type USB registered
[    0.332052] usbcore: registered new interface driver usbfs
[    0.336023] usbcore: registered new interface driver hub
[    0.340045] usbcore: registered new device driver usb
[    0.344087] EDAC MC: Ver: 3.0.0
[    0.348347] PCI: Using ACPI for IRQ routing
[    0.352383] NetLabel: Initializing
[    0.356002] NetLabel:  domain hash size = 128
[    0.360002] NetLabel:  protocols = UNLABELED CIPSOv4 CALIPSO
[    0.364021] NetLabel:  unlabeled traffic allowed by default
[    0.368097] clocksource: Switched to clocksource kvm-clock
[    0.493902] VFS: Dik otas dquot_6.6.0
[    0.594315] VFS: Dquot-cache has table entries: 512 (order 0, 4096 bytes)
[    0.617514] AppArmor: AppArmor Filesystem Enabled
[    0.619355] pnp: PnP ACPI init
[    0.621843] pnp: PnP ACPI: found 3 devices

[    0.634890] clocksource: acpi_pm: mask: 0xffffff max_cycles: 0xffffff, max_idle_ns: 2085701024 ns
[    0.637038] NET: Registered protocol family 2
[    0.698] TCP established hash table entries: 8192 (order: 4, 65536 bytes)
[    0.715036] TCP bind hash table entries: 8192 (order: 5, 131072 bytes)
[    0.716977] TCP: Hash tables configured (established 892 bind 8192)
[    0.739948] UDP hash table entries: 512 (order: 2, 16384 bytes)
[    0.742078] UDP-Lite hash table entries: 512 (order: 2, 16384 bytes)
[    0.743749] NET: Registered protocol family 1
[    0.744941] pci 0000:00:00.0: Limiting direct PCI/PCI transfers
[    0.746584] pci 0000:00:01.0: Activating ISA DMA hang workarounds
[    0.748462] pci 0000:00:02.0: Video device with shadowed ROM at [mem 0x000c0000-0x000dffff]
[    0.750542] Unpacking initramfs...

[    1.014832] Freeing initrd memory: 19512K
[    1.039004] clocksource: tsc: mask: 0xffffffffffffffff max_cycles: 0x2135f7c97c8, max_idle_ns: 440795273205 ns
[    1.221489] platform rtc_cmos: registered platform RTC device (no PNP device found)
[    1.368182] Scanning for low memory corruption every 60 seconds
[    1.478791] Initialise system trusted keyrings
[    1.538102] Key type blacklist registered
[    1.609996] workingset: timestamp_bits=36 max_order=18 bucket_order=0
[    1.677893] zbud: loaded
[    1.681425] squashfs: version 4.0 (2009/01/31) Phillip Lougher
[    1.685994] fuse init (API version 7.26)
[    1.693797] Key type asymmetric registered
[    1.695052] Asymmetric key parser 'x509' registered
[    1.696461] Block layer SCSI generic (bsg) driver version 0.4 loaded (major 246)
[    1.698525] io scheduler noop registered
[    1.699785] io scheduler deadline registered
[    1.701245] io scheduler cfq registered (default)
[    1.702971] ACPI: AC Adapter [AC] (off-line)
[    1.704333] input: Power Button as /devices/LNXSYSTM:00/LNXPWRBN:00/input/input0
[    1.706494] ACPI: Power Button [PWRF]
[    1.707584] input: Sleep Button as /devices/LNXSYSTM:00/LNXSLPBN:00/input/input1
[    1.709899] ACPI: Sleep Button [SLPF]
[    1.712623] ACPI: Battery Slot [BAT0] (battery present)
[    1.714241] Serial: 8250/16550 driver, 32 ports, IRQ sharing enabled
[    1.740991] 00:02: ttyS0 at I/O 0x3f8 (irq = 4, base_baud = 115200) is a 16550A
[    1.880776] Linux agpgart interface v0.103
[    1.884680] loop: module loaded
[    1.885994] scsi host0: ata_piix
[    1.886931] scsi host1: ata_piix
[    1.887741] ata1: PATA max UDMA/33 cmd 0x1f0 ctl 0x3f6 bmdma 0xd000 irq 14
[    1.889396] ata2: PATA max UDMA/33 cmd 0x170 ctl 0x376 bmdma 0xd008 irq 15
[    1.891049] libphy: Fixed MDIO Bus: probed
[    1.937787] tun: Universal TUN/TAP device driver, 1.6
[    2.025745] PPP generic driver version 2.4.2
[    2.092884] ehci_hcd: USB 2.0 'Enhanced' Host Controller (EHCI) Driver
[    2.196728] ehci-pci: EHCI PCI platform driver
[    2.261547] ehci-platform: EHCI generic platform driver
[    2.352715] ohci_hcd: USB 1.1 'Open' Host Controller (OHCI) Driver
[    2.440224] ohci-pci: OHCI PCI platform driver
[    2.516732] ohci-platform: OHCI generic platform driver
[    2.577828] uhci_hcd: USB Universal Host Controller Interface driver
[    2.665902] i8042: PNP: PS/2 Controller [PNP0303:PS2K,PNP0f03:PS2M] at 0x60,0x64 irq 1,12
[    2.758224] serio: i8042 KBD port at 0x60,0x64 irq 1
[    2.782007] serio: i8042 AUX port at 0x60,0x64 irq 12
[    2.783624] mousedev: PS/2 mouse device common for all mice
[    2.787026] input: AT Translated Set 2 keyboard as /devices/platform/i8042/serio0/input/input2
[    2.792107] rtc_cmos rtc_cmos: rtc core: registered rtc_cmos as rtc0
[    2.792201] rtc_cmos rtc_cmos: alarms up to one day, 114 bytes nvram
[    2.792224] i2c /dev entries driver
[    2.792232] pcie_mp2_amd: AMD(R) PCI-E MP2 Communication Driver Version: 1.0
[    2.792395] device-mapper: uevent: version 1.0.3
[    2.792491] device-mapper: ioctl: 4.37.0-ioctl (2017-09-20) initialised: dm-devel@redhat.com
[    2.803863] ledtrig-cpu: registered to indicate activity on CPUs
[    2.806121] NET: Registered protocol family 10
[    2.811378] Segment Routing with IPv6
[    2.812485] NET: Registered protocol family 17
[    2.813827] Key type dns_resolver registered
[    2.815500] RAS: Correctable Errors collector initialized.
[    2.823332] sched_clock: Marking stable (2823302655, 0)->(13114227887, -10290925232)
[    2.826460] registered taskstats version 1
[    2.827483] Loading compiled-in X.509 certificates
[    2.830681] Loaded X.509 cert 'Build time autogenerated kernel key: 0d5cb4b7de8533fd8e7200d711ae9d354ea3dca1'
[    3.021645] zswap: loaded using pool lzo/zbud
[    3.161648] Key type big_key registered
[    3.284991] Key type trusted registered
[    3.380301] Key type encrypted registered
[    3.508322] AppArmor: AppArmor sha1 policy hashing enabled
[    3.738154] ima: No TPM chip found, activating TPM-bypass! (rc=-19)
[    3.870464] ima: Allocated hash algorithm: sha1
[    3.872980] evm: HMAC attrs: 0x1
[    3.881885]   Magic number: 7:93:662
[    3.883217] rtc_cmos rtc_cmos: setting system clock to 2019-06-10 02:41:16 UTC (1560134476)
[    3.885814] BIOS EDD facility v0.16 2004-Jun-25, 0 devices found
[    3.887629] EDD information not available.
[    3.891226] Freeing unused kernel image memory: 2412K
[    3.917938] Write protecting the kernel read-only data: 20480k
[    3.920063] Freeing unused kernel image memory: 2008K
[    3.921754] Freeing unused kernel image memory: 1868K
[    3.927602] x86/mm: Checked W+X mappings: passed, no W+X pages found.
[    4.166460] x86/mm: Checking user space page tables
[    4.306660] x86/mm: Checked W+X mappings: passed, no W+X pages found.
Loading, please wait...
starting version 237
[    4.554878] e1000: Intel(R) PRO/1000 Network Driver - version 7.3.21-k8-NAPI
[    4.665896] e1000: Copyright (c) 1999-2006 Intel Corporation.
[    4.740806] Fusion MPT base driver 3.04.20
[    4.787989] Copyright (c) 1999-2008 LSI Corporation
[    4.869246] Fusion MPT SPI Host driver 3.04.20
[    4.937007] AVX2 version of gcm_enc/dec engaged.
[    4.964414] AES CTR mode by8 optimization enabled
[    5.077738] input: ImExPS/2 Generic Explorer Mouse as /devices/platform/i8042/serio1/input/input4
[    5.349841] e1000 0000:00:03.0 eth0: (PCI:33MHz:32-bit) 02:2f:73:ea:27:92
[    5.563900] e1000 0000:00:03.0 eth0: Intel(R) PRO/1000 Network Connection
[    5.759725] mptbase: ioc0: Initiating bringup
[    5.964425] ioc0: LSI53C1030 A0: Capabilities={Initiator}
[    6.299110] scsi host2: ioc0: LSI53C1030 A0, FwRev=00000000h, Ports=1, MaxQ=256, IRQ=20
[    6.468683] scsi 2:0:0:0: Direct-Access     VBOX     HARDDISK         1.0  PQ: 0 ANSI: 5
[    6.752194] scsi target2:0:0: Beginning Domain Validation
[    6.786936] scsi target2:0:0: Domain Validation skipping write tests
[    6.788600] scsi target2:0:0: Ending Domain Validation
[    6.789888] scsi target2:0:0: asynchronous
[    6.791499] scsi 2:0:1:0: Direct-Access     VBOX     HARDDISK         1.0  PQ: 0 ANSI: 5
[    7.084670] scsi target2:0:1: Beginning Domain Validation
[    7.128145] random: fast init done
[    7.182906] random: systemd-udevd: uninitialized urandom read (16 bytes read)
[    7.184879] random: systemd-udevd: uninitialized urandom read (16 bytes read)
[    7.185008] e1000 0000:00:08.0 eth1: (PCI:33MHz:32-bit) 08:00:27:af:f0:b5
[    7.185012] e1000 0000:00:08.0 eth1: Intel(R) PRO/1000 Network Connection
[    7.191912] random: systemd-udevd: uninitialized urandom read (16 bytes read)
[    7.192051] scsi target2:0:1: Domain Validation skipping write tests
[    7.192052] scsi target2:0:1: Ending Domain Validation
[    7.193979] scsi target2:0:1: asynchronous
[    7.198723] e1000 0000:00:03.0 enp0s3: renamed from eth0
[    7.203430] sd 2:0:0:0: Attached scsi generic sg0 type 0
[    7.207138] sd 2:0:0:0: [sda] 20971520 512-byte logical blocks: (10.7 GB/10.0 GiB)
[    7.207899] sd 2:0:1:0: Attached scsi generic sg1 type 0
[    7.209576] sd 2:0:1:0: [sdb] 20480 512-byte logical blocks: (10.5 MB/10.0 MiB)
[    7.210195] sd 2:0:1:0: [sdb] Write Protect is off
[    7.210283] sd 2:0:1:0: [sdb] Incomplete mode parameter data
[    7.210284] sd 2:0:1:0: [sdb] Assuming drive cache: write through
[    7.212692] sd 2:0:1:0: [sdb] Attached SCSI disk
[    7.222474] e1000 0000:00:08.0 enp0s8: renamed from eth1
[    8.245917] sd 2:0:0:0: [sda] Write Protect is off
[    8.247479] sd 2:0:0:0: [sda] Incomplete mode parameter data
[    8.249324] sd 2:0:0:0: [sda] Assuming drive cache: write through
[    8.252846]  sda: sda1
[    8.254492] sd 2:0:0:0: [sda] Attached SCSI disk
Begin: Loading essential drivers ... [    9.667241] raid6: sse2x1   gen() 13565 MB/s
[    9.804302] raid6: sse2x1   xor()  8990 MB/s
[    9.972300] raid6: sse2x2   gen() 15386 MB/s
[   10.087608] raid6: sse2x2   xor() 10947 MB/s
[   10.148038] raid6: sse2x4   gen() 15978 MB/s
[   10.292047] raid6: sse2x4   xor() 11128 MB/s
[   10.416458] raid6: avx2x1   gen() 24063 MB/s
[   10.472069] raid6: avx2x1   xor() 14226 MB/s
[   10.520804] raid6: avx2x2   gen() 30351 MB/s
[   10.648245] raid6: avx2x2   xor() 17086 MB/s
[   10.787498] raid6: avx2x4   gen() 33114 MB/s
[   10.916377] raid6: avx2x4   xor() 20062 MB/s
[   10.998501] raid6: using algorithm avx2x4 gen() 33114 MB/s
[   11.108145] raid6: .... xor() 20062 MB/s, rmw enabled
[   11.169056] raid6: using avx2x2 recovery algorithm
[   11.320316] xor: automatically using best checksumming function   avx       
[   11.386061] async_tx: api initialized (async)
done.
Begin: Running /scripts/init-pre[   11.495239] Btrfs loaded, crc32c=crc32c-intel
mount ... done.
Begin: Mounting root file system ... Begin: Running /scripts/local-top ... done.
Begin: Running /scripts/local-premount ... Scanning for Btrfs filesystems
done.
Warning: fsck not present, so skipping root file system
[   11.528311] EXT4-fs (sda1): mounted filesystem with ordered data mode. Opts: (null)
done.
Begin: Running /scripts/local-bottom ... done.
Begin: Running /scripts/init-bottom ... done.
[   11.713016] ip_tables: (C) 2000-2006 Netfilter Core Team
[   11.721862] systemd[1]: systemd 237 running in system mode. (+PAM +AUDIT +SELINUX +IMA +APPARMOR +SMACK +SYSVINIT +UTMP +LIBCRYPTSETUP +GCRYPT +GNUTLS +ACL +XZ +LZ4 +SECCOMP +BLKID +ELFUTILS +KMOD -IDN2 +IDN -PCRE2 default-hierarchy=hybrid)
[   11.726773] systemd[1]: Detected virtualization oracle.
[   11.728227] systemd[1]: Detected architecture x86-64.

Welcome to [1mUbuntu 18.04.1 LTS[0m!

[   11.758733] systemd[1]: Set hostname to <ubuntu-bionic>.
[   12.683722] systemd[1]: Created slice System Slice.
[[0;32m  OK  [0m] Created slice System Slice.
[   12.686037] systemd[1]: Listening on Journal Socket (/dev/log).
[[0;32m  OK  [0m] Listening on Journal Socket (/dev/log).
[   13.317662] systemd[1]: Listening on Journal Socket.
[[0;32m  OK  [0m] Listening on Journal Socket.
[   14.017430] systemd[1]: Listening on Network Service Netlink Socket.
[[0;32m  OK  [0m] Listening on Network Service Netlink Socket.
[   15.038269] systemd[1]: Starting Set the console keyboard layout...
         Starting Set the console keyboard layout...
[   15.152364] systemd[1]: Listening on Syslog Socket.
[[0;32m  OK  [0m] Listening on Syslog Socket.
[[0;32m  OK  [0m] Listening on udev Kernel Socket.
         Mounting POSIX Message Queue File System...
[[0;32m  OK  [0m] Reached target Swap.
         Mounting Huge Pages File System...
[[0;32m  OK  [0m] Listening on udev Control Socket.
         Starting udev Coldplug all Devices...
[[0;32m  OK  [0m] Created slice User and Session Slice.
         Starting Load Kernel Mo[   15.561004] Loading iSCSI transport class v2.0-870.
dules...
[   15.781279] iscsi: registered transport (tcp)
[[0;32m  OK  [0m] Listening on LVM2 poll daemon socket.
[[0;32m  OK  [0m] Listening on Device-mapper event daemon FIFOs.
[[0;32m  OK  [0m] Listening on LVM2 metadata daemon socket.
         [   15.877135] iscsi: registered transport (iser)
Starting Monitoring of LVM2 mirrors…ng dmeventd or progress polling...
[[0;32m  OK  [0m] Listening on /dev/initctl Compatibility Named Pipe.
[[0;32m  OK  [0m] Set up automount Arbitrary Executab…rmats File System Automount Point.
[[0;32m  OK  [0m] Listening on Journal Audit Socket.
         Starting Journal Service...
[[0;32m  OK  [0m] Reached target System Time Synchronized.
         Starting Remount Root and Kernel File Systems...
[[0;32m  OK  [0m] Created slice system-serial\x2dgetty.slice.
[   15.939003] random: crng init done
[   15.940381] random: 7 urandom warning(s) missed due to ratelimiting
         Mounting Kernel Debug File System...
[[0;32m  OK  [0m] Reached target User and Group Name Lookups.
[[0;32m  OK  [0m] Reached target Slices.
         Starting Uncomplicated firewall...
         Starting Create list of required st…ce nodes for the current kernel...
[[0;32m  OK  [0m] Started Forward Password Requests to Wall Directory Watch.
[[0;32m  OK  [0m] Started Set the console keyboard layout.
[[0;32m  OK  [0m] Mounted POSIX Message Queue File System.
[   15.985120] EXT4-fs (sda1): re-mounted. Opts: (null)
[[0;32m  OK  [0m] Started Journal Service.
[[0;32m  OK  [0m] Mounted Huge Pages File System.
[[0;32m  OK  [0m] Started Load Kernel Modules.
[[0;32m  OK  [0m] Started Remount Root and Kernel File Systems.
[[0;32m  OK  [0m] Mounted Kernel Debug File System.
[[0;32m  OK  [0m] Started Uncomplicated firewall.
[[0;32m  OK  [0m] Started Create list of required sta…vice nodes for the current kernel.
[[0;32m  OK  [0m] Started LVM2 metadata daemon.
         Starting Create Static Device Nodes in /dev...
         Starting Load/Save Random Seed...
         Starting Initial cloud-init job (pre-networking)...
         Mounting FUSE Control File System...
         Starting Apply Kernel Variables...
         Mounting Kernel Configuration File System...
         Starting Flush Journal to Persistent Storage...
[[0;32m  OK  [0m] Mounted Kernel Configuration File System.
[[0;32m  OK  [0m] Mounted FUSE Control File System.
[[0;32m  OK  [0m] Started Create Static Device Nodes in /dev.
         Starting udev Kernel Device Manager...
[[0;32m  OK  [0m] Started udev Coldplug all Devices.
[[0;32m  OK  [0m] Started Load/Save Random Seed.
[   16.105883] systemd-journald[409]: Received request to flush runtime journal from PID 1
[[0;32m  OK  [0m] Started Monitoring of LVM2 mirrors,…sing dmeventd or progress polling.
[[0;32m  OK  [0m] Reached target Local File Systems (Pre).
[[0;32m  OK  [0m] Reached target Local File Systems.
         Starting AppArmor initialization...
         Starting Set console font and keymap...
         Starting Tell Plymouth To Write Out Runtime Data...
         Starting ebtables ruleset management...
[[0;32m  OK  [0m] Started udev Kernel Device Manager.
[[0;32m  OK  [0m] Started Dispatch Password Requests to Console Directory Watch.
[[0;32m  OK  [0m] Reached target Local Encrypted Volumes.
[[0;32m  OK  [0m] Started Apply Kernel Variables.
[[0;32m  OK  [0m] Started Set console font and keymap.
[[0;32m  OK  [0m] Started Tell Plymouth To Write Out Runtime Data.
[[0;32m  OK  [0m] Started Flush Journal to Persistent Storage.
[[0;32m  OK  [0m] Started ebtables ruleset management.
[[0;32m  OK  [0m] Found device /dev/ttyS0.
[[0;32m  OK  [0m] Listening on Load/Save RF Kill Switch Status /dev/rfkill Watch.
         Starting Create Volatile Files and Directories...
[[0;32m  OK  [0m] Started AppArmor initialization.
[[0;32m  OK  [0m] Started Create Volatile Files and Directories.
         Starting Update UTMP about System Boot/Shutdown...
[[0;32m  OK  [0m] Started Update UTMP about System Boot/Shutdown.
[   17.810623] cloud-init[419]: Cloud-init v. 18.4-0ubuntu1~18.04.1 running 'init-local' at Mon, 10 Jun 2019 02:41:30 +0000. Up 17.59 seconds.
[[0;32m  OK  [0m] Started Initial cloud-init job (pre-networking).
[[0;32m  OK  [0m] Reached target Network (Pre).
         Starting Network Service...
[[0;32m  OK  [0m] Started Network Service.
         Starting Network Name Resolution...
         Starting Wait for Network to be Configured...
[[0;32m  OK  [0m] Started Network Name Resolution.
[[0;32m  OK  [0m] Reached target Host and Network Name Lookups.
[[0;32m  OK  [0m] Reached target Network.
[[0;32m  OK  [0m] Started Wait for Network to be Configured.
         Starting Initial cloud-init job (metadata service crawler)...
[   19.922165] cloud-init[716]: Cloud-init v. 18.4-0ubuntu1~18.04.1 running 'init' at Mon, 10 Jun 2019 02:41:32 +0000. Up 19.80 seconds.
[   19.965236] cloud-init[716]: ci-info: ++++++++++++++++++++++++++++++++++++++Net device info+++++++++++++++++++++++++++++++++++++++
[   19.980358] cloud-init[716]: ci-info: +--------+------+-----------------------------+---------------+--------+-------------------+
[   19.983146] cloud-init[716]: ci-info: | Device |  Up  |           Address           |      Mask     | Scope  |     Hw-Address    |
[   19.985604] cloud-init[716]: ci-info: +--------+------+-----------------------------+---------------+--------+-------------------+
[   19.988125] cloud-init[716]: ci-info: | enp0s3 | True |          10.0.2.15          | 255.255.255.0 | global | 02:2f:73:ea:27:92 |
[   19.990666] cloud-init[716]: ci-info: | enp0s3 | True |  fe80::2f:73ff:feea:2792/64 |       .       |  link  | 02:2f:73:ea:27:92 |
[   20.018327] cloud-init[716]: ci-info: | enp0s8 | True |        192.168.33.10        | 255.255.255.0 | global | 08:00:27:af:f0:b5 |
[   20.020977] cloud-init[716]: ci-info: | enp0s8 | True | fe80::a00:27ff:feaf:f0b5/64 |       .       |  link  | 08:00:27:af:f0:b5 |
[   20.025016] cloud-init[716]: ci-info: |   lo   | True |          127.0.0.1          |   255.0.0.0   |  host  |         .         |
[   20.027569] cloud-init[716]: ci-info: |   lo   | True |           ::1/128           |       .       |  host  |         .         |
[   20.030113] cloud-init[716]: ci-info: +--------+------+-----------------------------+---------------+--------+-------------------+
[   20.032572] cloud-init[716]: ci-info: +++++++++++++++++++++++++++++Route IPv4 info+++++++++++++++++++++++++++++
[   20.034665] cloud-init[716]: ci-info: +-------+--------------+----------+-----------------+-----------+-------+
[   20.042456] cloud-init[716]: ci-info: | Route | Destination  | Gateway  |     Genmask     | Interface | Flags |
[   20.056796] cloud-init[716]: ci-info: +-------+--------------+----------+-----------------+-----------+-------+
[   20.059688] cloud-init[716]: ci-info: |   0   |   0.0.0.0    | 10.0.2.2 |     0.0.0.0     |   enp0s3  |   UG  |
[   20.063390] cloud-init[716]: ci-info: |   1   |   10.0.2.0   | 0.0.0.0  |  255.255.255.0  |   enp0s3  |   U   |
[   20.065534] cloud-init[716]: ci-info: |   2   |   10.0.2.2   | 0.0.0.0  | 255.255.255.255 |   enp0s3  |   UH  |
[   20.067665] cloud-init[716]: ci-info: |   3   | 192.168.33.0 | 0.0.0.0  |  255.255.255.0  |   enp0s8  |   U   |
[   20.069752] cloud-init[716]: ci-info: +-------+--------------+----------+-----------------+-----------+-------+
[   20.088252] cloud-init[716]: ci-info: +++++++++++++++++++Route IPv6 info+++++++++++++++++++
[[   20.162797] cloud-init[716]: ci-info: +-------+-------------+---------+-----------+-------+
[   20.163135] cloud-init[716]: ci-info: | Route | Destination | Gateway | Interface | Flags |
[   20.163605] cloud-init[716]: ci-info: +-------+-------------+---------+-----------+-------+
[0;32m  OK  [0m] Started Initial cloud-init job (metadata service crawler).
[   20.164317] cloud-init[716]: ci-info: |   1   |  fe80::/64  |    ::   |   enp0s8  |   U   |
[[0;32m  OK  [0m] [   20.331830] cloud-init[716]: ci-info: |   2   |  fe80::/64  |    ::   |   enp0s3  |   U   |
[   20.332991] cloud-init[716]: ci-info: |   4   |    local    |    ::   |   enp0s3  |   U   |
[   20.333371] cloud-init[716]: ci-info: |   5   |    local    |    ::   |   enp0s8  |   U   |
[   20.334094] cloud-init[716]: ci-info: |   6   |   ff00::/8  |    ::   |   enp0s8  |   U   |
[   20.334463] cloud-init[716]: ci-info: |   7   |   ff00::/8  |    ::   |   enp0s3  |   U   |
[   20.335136] cloud-init[716]: ci-info: +-------+-------------+---------+-----------+-------+
Reached target Cloud-config availability.
[[0;32m  OK  [0m] Reached target System Initialization.
[[0;32m  OK  [0m] Started Message of the Day.
[[0;32m  OK  [0m] Started Daily apt download activities.
[[0;32m  OK  [0m] Started Daily apt upgrade and clean activities.
[[0;32m  OK  [0m] Listening on UUID daemon activation socket.
[[0;32m  OK  [0m] Started Daily Cleanup of Temporary Directories.
[[0;32m  OK  [0m] Started Discard unused blocks once a week.
[[0;32m  OK  [0m] Listening on Open-iSCSI iscsid Socket.
[[0;32m  OK  [0m] Started ACPI Events Check.
[[0;32m  OK  [0m] Listening on ACPID Listen Socket.
         Starting LXD - unix socket.
[[0;32m  OK  [0m] Reached target Timers.
[[0;32m  OK  [0m] Listening on D-Bus System Message Bus Socket.
[[0;32m  OK  [0m] Reached target Paths.
         Starting Socket activation for snappy daemon.
[[0;32m  OK  [0m] Reached target Network is Online.
[[0;32m  OK  [0m] Reached target Remote File Systems (Pre).
[[0;32m  OK  [0m] Reached target Remote File Systems.
         Starting Availability of block devices...
[[0;32m  OK  [0m] Listening on LXD - unix socket.
[[0;32m  OK  [0m] Listening on Socket activation for snappy daemon.
[[0;32m  OK  [0m] Started Availability of block devices.
[[0;32m  OK  [0m] Reached target Sockets.
[[0;32m  OK  [0m] Reached target Basic System.
[[0;32m  OK  [0m] Started Deferred execution scheduler.
         Starting Dispatcher daemon for systemd-networkd...
[[0;32m  OK  [0m] Started D-Bus System Message Bus.
         Starting LSB: automatic crash report generation...
         Starting vboxadd.service...
         Starting Permit User Sessions...
         Starting Login Service...
         Starting System Logging Service...
         Starting LSB: Record successful boot for GRUB...
[[0;32m  OK  [0m] Started FUSE filesystem for LXC.
         Starting Snappy daemon...
[[0;32m  OK  [0m] Started Regular background program processing daemon.
         Starting OpenBSD Secure Shell server...
[[0;32m  OK  [0m] Started irqbalance daemon.
         Starting Accounts Service...
         Starting Discard unused blocks...
         Starting LXD - container startup/shutdown...
[[0;32m  OK  [0m] Started Dispatcher daemon for systemd-networkd.
[[0;32m  OK  [0m] Started System Logging Service.
[[0;32m  OK  [0m] Started Snappy daemon.
[[0;32m  OK  [0m] Started Permit User Sessions.
[[0;32m  OK  [0m] Started Discard unused blocks.
[[0;32m  OK  [0m] Started OpenBSD Secure Shell server.
[[0;32m  OK  [0m] Started Login Service.
[[0;32m  OK  [0m] Started Unattended Upgrades Shutdown.
         Starting Hold until boot process finishes up...
         Starting Terminate Plymouth Boot Screen...
         Starting Wait until snapd is fully seeded...
[[0;32m  OK  [0m] Started Hold until boot process finishes up.
         Starting Set console scheme...
[[0;32m  OK  [0m] Started Serial Getty on ttyS0.
[[0;32m  OK  [0m] Started Terminate Plymouth Boot Screen.
         Starting Authorization Manager...
[[0;32m  OK  [0m] Started Wait until snapd is fully seeded.
         Starting Apply the settings specified in cloud-config...
[[0;32m  OK  [0m] Started Set console scheme.
[[0;32m  OK  [0m] Started LSB: Record successful boot for GRUB.
[[0;32m  OK  [0m] Created slice system-getty.slice.
[[0;32m  OK  [0m] Started Getty on tty1.
[[0;32m  OK  [0m] Reached target Login Prompts.
[[0;32m  OK  [0m] Started LSB: automatic crash report generation.
[[0;32m  OK  [0m] Started LXD - container startup/shutdown.
[[0;32m  OK  [0m] Started Authorization Manager.
[[0;32m  OK  [0m] Started Accounts Service.
[[0;32m  OK  [0m] Started vboxadd.service.
         Starting vboxadd-service.service...
[[0;32m  OK  [0m] Started vboxadd-service.service.
[[0;32m  OK  [0m] Reached target Multi-User System.
[[0;32m  OK  [0m] Reached target Graphical Interface.
         Starting Update UTMP about System Runlevel Changes...
[[0;32m  OK  [0m] Started Update UTMP about System Runlevel Changes.
[   21.948596] cloud-init[1145]: Cloud-init v. 18.4-0ubuntu1~18.04.1 running 'modules:config' at Mon, 10 Jun 2019 02:41:34 +0000. Up 21.86 seconds.
[[0;32m  OK  [0m] Started Apply the settings specified in cloud-config.
         Starting Execute cloud user/final scripts...
[   22.419175] cloud-init[1285]: Cloud-init v. 18.4-0ubuntu1~18.04.1 running 'modules:final' at Mon, 10 Jun 2019 02:41:34 +0000. Up 22.32 seconds.
[[0;32m  OK  [0m] Started Execute cloud user/final scripts.
[   22.501336] cloud-init[[0;32m  OK  [0m] Reached target Cloud-init taCloud-init v. 18.4-0ubuntu1~18.04.1 finished at Mon, 10 Jun 2019 02:41:35 +0000. Datasource DataSourceNoCloud [seed=/dev/sdb][dsmode=net].  Up 22.41 seconds

Ubuntu 18.04.1 LTS ubuntu-bionic ttyS0

ubuntu-bionic login: 